[36m2017-11-07 13:07:24 [debug] Find scan page: http://sou.zhaopin.com/jobs/searchresult.ashx?jl=%E5%8C%97%E4%BA%AC&kw=php&sm=0&p=1[0m
2017-11-07 13:07:24 [info] Find pages: 1 
2017-11-07 13:07:24 [info] Waiting for collect pages: 1 
2017-11-07 13:07:24 [info] Collected pages: 0 
[36m2017-11-07 13:07:25 [debug] Success download page http://sou.zhaopin.com/jobs/searchresult.ashx?jl=%E5%8C%97%E4%BA%AC&kw=php&sm=0&p=1 in 0.221 s[0m
[36m2017-11-07 13:07:25 [debug] Success process page http://sou.zhaopin.com/jobs/searchresult.ashx?jl=%E5%8C%97%E4%BA%AC&kw=php&sm=0&p=1 in 0.305 s[0m
2017-11-07 13:07:25 [info] Spider running in 0d 0h 0m 1s
[36m2017-11-07 13:07:39 [debug] Find scan page: http://sou.zhaopin.com/jobs/searchresult.ashx?jl=%E5%8C%97%E4%BA%AC&kw=php&sm=0&p=1[0m
[36m2017-11-07 13:07:39 [debug] Find scan page: http://sou.zhaopin.com/jobs/searchresult.ashx?jl=%E5%8C%97%E4%BA%AC&kw=php&sm=0&p=2[0m
2017-11-07 13:07:39 [info] Find pages: 2 
2017-11-07 13:07:39 [info] Waiting for collect pages: 2 
2017-11-07 13:07:39 [info] Collected pages: 0 
[36m2017-11-07 13:07:40 [debug] Success download page http://sou.zhaopin.com/jobs/searchresult.ashx?jl=%E5%8C%97%E4%BA%AC&kw=php&sm=0&p=1 in 0.941 s[0m
[36m2017-11-07 13:07:40 [debug] Success process page http://sou.zhaopin.com/jobs/searchresult.ashx?jl=%E5%8C%97%E4%BA%AC&kw=php&sm=0&p=1 in 1.026 s[0m
2017-11-07 13:07:40 [info] Spider running in 0d 0h 0m 1s
2017-11-07 13:07:42 [info] Find pages: 2 
2017-11-07 13:07:42 [info] Waiting for collect pages: 1 
2017-11-07 13:07:42 [info] Collected pages: 1 
[36m2017-11-07 13:07:42 [debug] Success download page http://sou.zhaopin.com/jobs/searchresult.ashx?jl=%E5%8C%97%E4%BA%AC&kw=php&sm=0&p=2 in 0.21 s[0m
[36m2017-11-07 13:07:42 [debug] Success process page http://sou.zhaopin.com/jobs/searchresult.ashx?jl=%E5%8C%97%E4%BA%AC&kw=php&sm=0&p=2 in 0.294 s[0m
2017-11-07 13:07:42 [info] Spider running in 0d 0h 0m 3s
[36m2017-11-07 13:08:11 [debug] Find scan page: http://sou.zhaopin.com/jobs/searchresult.ashx?jl=%E5%8C%97%E4%BA%AC&kw=php&sm=0&p=1[0m
2017-11-07 13:08:11 [info] Find pages: 1 
2017-11-07 13:08:11 [info] Waiting for collect pages: 1 
2017-11-07 13:08:11 [info] Collected pages: 0 
[36m2017-11-07 13:08:11 [debug] Success download page http://sou.zhaopin.com/jobs/searchresult.ashx?jl=%E5%8C%97%E4%BA%AC&kw=php&sm=0&p=1 in 0.272 s[0m
[36m2017-11-07 13:08:11 [debug] Success process page http://sou.zhaopin.com/jobs/searchresult.ashx?jl=%E5%8C%97%E4%BA%AC&kw=php&sm=0&p=1 in 0.353 s[0m
2017-11-07 13:08:11 [info] Spider running in 0d 0h 0m 0s
[36m2017-11-07 13:08:21 [debug] Find scan page: http://sou.zhaopin.com/jobs/searchresult.ashx?jl=%E5%8C%97%E4%BA%AC&kw=php&sm=0&p=1[0m
[36m2017-11-07 13:08:21 [debug] Find scan page: http://sou.zhaopin.com/jobs/searchresult.ashx?jl=%E5%8C%97%E4%BA%AC&kw=php&sm=0&p=2[0m
[36m2017-11-07 13:08:21 [debug] Find scan page: http://sou.zhaopin.com/jobs/searchresult.ashx?jl=%E5%8C%97%E4%BA%AC&kw=php&sm=0&p=3[0m
[36m2017-11-07 13:08:21 [debug] Find scan page: http://sou.zhaopin.com/jobs/searchresult.ashx?jl=%E5%8C%97%E4%BA%AC&kw=php&sm=0&p=4[0m
[36m2017-11-07 13:08:21 [debug] Find scan page: http://sou.zhaopin.com/jobs/searchresult.ashx?jl=%E5%8C%97%E4%BA%AC&kw=php&sm=0&p=5[0m
[36m2017-11-07 13:08:21 [debug] Find scan page: http://sou.zhaopin.com/jobs/searchresult.ashx?jl=%E5%8C%97%E4%BA%AC&kw=php&sm=0&p=6[0m
[36m2017-11-07 13:08:21 [debug] Find scan page: http://sou.zhaopin.com/jobs/searchresult.ashx?jl=%E5%8C%97%E4%BA%AC&kw=php&sm=0&p=7[0m
[36m2017-11-07 13:08:21 [debug] Find scan page: http://sou.zhaopin.com/jobs/searchresult.ashx?jl=%E5%8C%97%E4%BA%AC&kw=php&sm=0&p=8[0m
[36m2017-11-07 13:08:21 [debug] Find scan page: http://sou.zhaopin.com/jobs/searchresult.ashx?jl=%E5%8C%97%E4%BA%AC&kw=php&sm=0&p=9[0m
[36m2017-11-07 13:08:21 [debug] Find scan page: http://sou.zhaopin.com/jobs/searchresult.ashx?jl=%E5%8C%97%E4%BA%AC&kw=php&sm=0&p=10[0m
[36m2017-11-07 13:08:21 [debug] Find scan page: http://sou.zhaopin.com/jobs/searchresult.ashx?jl=%E5%8C%97%E4%BA%AC&kw=php&sm=0&p=11[0m
[36m2017-11-07 13:08:21 [debug] Find scan page: http://sou.zhaopin.com/jobs/searchresult.ashx?jl=%E5%8C%97%E4%BA%AC&kw=php&sm=0&p=12[0m
[36m2017-11-07 13:08:21 [debug] Find scan page: http://sou.zhaopin.com/jobs/searchresult.ashx?jl=%E5%8C%97%E4%BA%AC&kw=php&sm=0&p=13[0m
[36m2017-11-07 13:08:21 [debug] Find scan page: http://sou.zhaopin.com/jobs/searchresult.ashx?jl=%E5%8C%97%E4%BA%AC&kw=php&sm=0&p=14[0m
[36m2017-11-07 13:08:21 [debug] Find scan page: http://sou.zhaopin.com/jobs/searchresult.ashx?jl=%E5%8C%97%E4%BA%AC&kw=php&sm=0&p=15[0m
[36m2017-11-07 13:08:21 [debug] Find scan page: http://sou.zhaopin.com/jobs/searchresult.ashx?jl=%E5%8C%97%E4%BA%AC&kw=php&sm=0&p=16[0m
[36m2017-11-07 13:08:21 [debug] Find scan page: http://sou.zhaopin.com/jobs/searchresult.ashx?jl=%E5%8C%97%E4%BA%AC&kw=php&sm=0&p=17[0m
[36m2017-11-07 13:08:21 [debug] Find scan page: http://sou.zhaopin.com/jobs/searchresult.ashx?jl=%E5%8C%97%E4%BA%AC&kw=php&sm=0&p=18[0m
[36m2017-11-07 13:08:21 [debug] Find scan page: http://sou.zhaopin.com/jobs/searchresult.ashx?jl=%E5%8C%97%E4%BA%AC&kw=php&sm=0&p=19[0m
[36m2017-11-07 13:08:21 [debug] Find scan page: http://sou.zhaopin.com/jobs/searchresult.ashx?jl=%E5%8C%97%E4%BA%AC&kw=php&sm=0&p=20[0m
[36m2017-11-07 13:08:21 [debug] Find scan page: http://sou.zhaopin.com/jobs/searchresult.ashx?jl=%E5%8C%97%E4%BA%AC&kw=php&sm=0&p=21[0m
[36m2017-11-07 13:08:21 [debug] Find scan page: http://sou.zhaopin.com/jobs/searchresult.ashx?jl=%E5%8C%97%E4%BA%AC&kw=php&sm=0&p=22[0m
[36m2017-11-07 13:08:21 [debug] Find scan page: http://sou.zhaopin.com/jobs/searchresult.ashx?jl=%E5%8C%97%E4%BA%AC&kw=php&sm=0&p=23[0m
[36m2017-11-07 13:08:21 [debug] Find scan page: http://sou.zhaopin.com/jobs/searchresult.ashx?jl=%E5%8C%97%E4%BA%AC&kw=php&sm=0&p=24[0m
2017-11-07 13:08:21 [info] Find pages: 24 
2017-11-07 13:08:21 [info] Waiting for collect pages: 24 
2017-11-07 13:08:21 [info] Collected pages: 0 
[36m2017-11-07 13:08:22 [debug] Success download page http://sou.zhaopin.com/jobs/searchresult.ashx?jl=%E5%8C%97%E4%BA%AC&kw=php&sm=0&p=1 in 0.191 s[0m
[36m2017-11-07 13:08:22 [debug] Success process page http://sou.zhaopin.com/jobs/searchresult.ashx?jl=%E5%8C%97%E4%BA%AC&kw=php&sm=0&p=1 in 0.273 s[0m
2017-11-07 13:08:22 [info] Spider running in 0d 0h 0m 1s
2017-11-07 13:08:24 [info] Find pages: 24 
2017-11-07 13:08:24 [info] Waiting for collect pages: 23 
2017-11-07 13:08:24 [info] Collected pages: 1 
[36m2017-11-07 13:08:24 [debug] Success download page http://sou.zhaopin.com/jobs/searchresult.ashx?jl=%E5%8C%97%E4%BA%AC&kw=php&sm=0&p=2 in 0.196 s[0m
[36m2017-11-07 13:08:24 [debug] Success process page http://sou.zhaopin.com/jobs/searchresult.ashx?jl=%E5%8C%97%E4%BA%AC&kw=php&sm=0&p=2 in 0.278 s[0m
2017-11-07 13:08:24 [info] Spider running in 0d 0h 0m 3s
2017-11-07 13:08:26 [info] Find pages: 24 
2017-11-07 13:08:26 [info] Waiting for collect pages: 22 
2017-11-07 13:08:26 [info] Collected pages: 2 
[36m2017-11-07 13:08:26 [debug] Success download page http://sou.zhaopin.com/jobs/searchresult.ashx?jl=%E5%8C%97%E4%BA%AC&kw=php&sm=0&p=3 in 0.173 s[0m
[36m2017-11-07 13:08:26 [debug] Success process page http://sou.zhaopin.com/jobs/searchresult.ashx?jl=%E5%8C%97%E4%BA%AC&kw=php&sm=0&p=3 in 0.253 s[0m
2017-11-07 13:08:26 [info] Spider running in 0d 0h 0m 5s
2017-11-07 13:08:28 [info] Find pages: 24 
2017-11-07 13:08:28 [info] Waiting for collect pages: 21 
2017-11-07 13:08:28 [info] Collected pages: 3 
[36m2017-11-07 13:08:28 [debug] Success download page http://sou.zhaopin.com/jobs/searchresult.ashx?jl=%E5%8C%97%E4%BA%AC&kw=php&sm=0&p=4 in 0.211 s[0m
[36m2017-11-07 13:08:28 [debug] Success process page http://sou.zhaopin.com/jobs/searchresult.ashx?jl=%E5%8C%97%E4%BA%AC&kw=php&sm=0&p=4 in 0.297 s[0m
2017-11-07 13:08:28 [info] Spider running in 0d 0h 0m 7s
2017-11-07 13:08:31 [info] Find pages: 24 
2017-11-07 13:08:31 [info] Waiting for collect pages: 20 
2017-11-07 13:08:31 [info] Collected pages: 4 
[36m2017-11-07 13:08:31 [debug] Success download page http://sou.zhaopin.com/jobs/searchresult.ashx?jl=%E5%8C%97%E4%BA%AC&kw=php&sm=0&p=5 in 0.233 s[0m
[36m2017-11-07 13:08:31 [debug] Success process page http://sou.zhaopin.com/jobs/searchresult.ashx?jl=%E5%8C%97%E4%BA%AC&kw=php&sm=0&p=5 in 0.317 s[0m
2017-11-07 13:08:31 [info] Spider running in 0d 0h 0m 10s
2017-11-07 13:08:33 [info] Find pages: 24 
2017-11-07 13:08:33 [info] Waiting for collect pages: 19 
2017-11-07 13:08:33 [info] Collected pages: 5 
[36m2017-11-07 13:08:33 [debug] Success download page http://sou.zhaopin.com/jobs/searchresult.ashx?jl=%E5%8C%97%E4%BA%AC&kw=php&sm=0&p=6 in 0.245 s[0m
[36m2017-11-07 13:08:33 [debug] Success process page http://sou.zhaopin.com/jobs/searchresult.ashx?jl=%E5%8C%97%E4%BA%AC&kw=php&sm=0&p=6 in 0.322 s[0m
2017-11-07 13:08:33 [info] Spider running in 0d 0h 0m 12s
2017-11-07 13:08:35 [info] Find pages: 24 
2017-11-07 13:08:35 [info] Waiting for collect pages: 18 
2017-11-07 13:08:35 [info] Collected pages: 6 
[36m2017-11-07 13:08:35 [debug] Success download page http://sou.zhaopin.com/jobs/searchresult.ashx?jl=%E5%8C%97%E4%BA%AC&kw=php&sm=0&p=7 in 0.289 s[0m
[36m2017-11-07 13:08:36 [debug] Success process page http://sou.zhaopin.com/jobs/searchresult.ashx?jl=%E5%8C%97%E4%BA%AC&kw=php&sm=0&p=7 in 0.372 s[0m
2017-11-07 13:08:36 [info] Spider running in 0d 0h 0m 15s
2017-11-07 13:08:38 [info] Find pages: 24 
2017-11-07 13:08:38 [info] Waiting for collect pages: 17 
2017-11-07 13:08:38 [info] Collected pages: 7 
[36m2017-11-07 13:08:38 [debug] Success download page http://sou.zhaopin.com/jobs/searchresult.ashx?jl=%E5%8C%97%E4%BA%AC&kw=php&sm=0&p=8 in 0.219 s[0m
[36m2017-11-07 13:08:38 [debug] Success process page http://sou.zhaopin.com/jobs/searchresult.ashx?jl=%E5%8C%97%E4%BA%AC&kw=php&sm=0&p=8 in 0.3 s[0m
2017-11-07 13:08:38 [info] Spider running in 0d 0h 0m 17s
2017-11-07 13:08:40 [info] Find pages: 24 
2017-11-07 13:08:40 [info] Waiting for collect pages: 16 
2017-11-07 13:08:40 [info] Collected pages: 8 
[36m2017-11-07 13:08:40 [debug] Success download page http://sou.zhaopin.com/jobs/searchresult.ashx?jl=%E5%8C%97%E4%BA%AC&kw=php&sm=0&p=9 in 0.314 s[0m
[36m2017-11-07 13:08:40 [debug] Success process page http://sou.zhaopin.com/jobs/searchresult.ashx?jl=%E5%8C%97%E4%BA%AC&kw=php&sm=0&p=9 in 0.396 s[0m
2017-11-07 13:08:40 [info] Spider running in 0d 0h 0m 19s
2017-11-07 13:08:42 [info] Find pages: 24 
2017-11-07 13:08:42 [info] Waiting for collect pages: 15 
2017-11-07 13:08:42 [info] Collected pages: 9 
[36m2017-11-07 13:08:42 [debug] Success download page http://sou.zhaopin.com/jobs/searchresult.ashx?jl=%E5%8C%97%E4%BA%AC&kw=php&sm=0&p=10 in 0.186 s[0m
[36m2017-11-07 13:08:43 [debug] Success process page http://sou.zhaopin.com/jobs/searchresult.ashx?jl=%E5%8C%97%E4%BA%AC&kw=php&sm=0&p=10 in 0.273 s[0m
2017-11-07 13:08:43 [info] Spider running in 0d 0h 0m 22s
2017-11-07 13:08:45 [info] Find pages: 24 
2017-11-07 13:08:45 [info] Waiting for collect pages: 14 
2017-11-07 13:08:45 [info] Collected pages: 10 
[36m2017-11-07 13:08:45 [debug] Success download page http://sou.zhaopin.com/jobs/searchresult.ashx?jl=%E5%8C%97%E4%BA%AC&kw=php&sm=0&p=11 in 0.218 s[0m
[36m2017-11-07 13:08:45 [debug] Success process page http://sou.zhaopin.com/jobs/searchresult.ashx?jl=%E5%8C%97%E4%BA%AC&kw=php&sm=0&p=11 in 0.299 s[0m
2017-11-07 13:08:45 [info] Spider running in 0d 0h 0m 24s
2017-11-07 13:08:47 [info] Find pages: 24 
2017-11-07 13:08:47 [info] Waiting for collect pages: 13 
2017-11-07 13:08:47 [info] Collected pages: 11 
[36m2017-11-07 13:08:47 [debug] Success download page http://sou.zhaopin.com/jobs/searchresult.ashx?jl=%E5%8C%97%E4%BA%AC&kw=php&sm=0&p=12 in 0.204 s[0m
[36m2017-11-07 13:08:47 [debug] Success process page http://sou.zhaopin.com/jobs/searchresult.ashx?jl=%E5%8C%97%E4%BA%AC&kw=php&sm=0&p=12 in 0.283 s[0m
2017-11-07 13:08:47 [info] Spider running in 0d 0h 0m 26s
2017-11-07 13:08:49 [info] Find pages: 24 
2017-11-07 13:08:49 [info] Waiting for collect pages: 12 
2017-11-07 13:08:49 [info] Collected pages: 12 
[36m2017-11-07 13:08:49 [debug] Success download page http://sou.zhaopin.com/jobs/searchresult.ashx?jl=%E5%8C%97%E4%BA%AC&kw=php&sm=0&p=13 in 0.276 s[0m
[36m2017-11-07 13:08:50 [debug] Success process page http://sou.zhaopin.com/jobs/searchresult.ashx?jl=%E5%8C%97%E4%BA%AC&kw=php&sm=0&p=13 in 0.36 s[0m
2017-11-07 13:08:50 [info] Spider running in 0d 0h 0m 29s
2017-11-07 13:08:52 [info] Find pages: 24 
2017-11-07 13:08:52 [info] Waiting for collect pages: 11 
2017-11-07 13:08:52 [info] Collected pages: 13 
[36m2017-11-07 13:08:52 [debug] Success download page http://sou.zhaopin.com/jobs/searchresult.ashx?jl=%E5%8C%97%E4%BA%AC&kw=php&sm=0&p=14 in 0.187 s[0m
[36m2017-11-07 13:08:52 [debug] Success process page http://sou.zhaopin.com/jobs/searchresult.ashx?jl=%E5%8C%97%E4%BA%AC&kw=php&sm=0&p=14 in 0.278 s[0m
2017-11-07 13:08:52 [info] Spider running in 0d 0h 0m 31s
2017-11-07 13:08:54 [info] Find pages: 24 
2017-11-07 13:08:54 [info] Waiting for collect pages: 10 
2017-11-07 13:08:54 [info] Collected pages: 14 
[36m2017-11-07 13:08:54 [debug] Success download page http://sou.zhaopin.com/jobs/searchresult.ashx?jl=%E5%8C%97%E4%BA%AC&kw=php&sm=0&p=15 in 0.409 s[0m
[36m2017-11-07 13:08:54 [debug] Success process page http://sou.zhaopin.com/jobs/searchresult.ashx?jl=%E5%8C%97%E4%BA%AC&kw=php&sm=0&p=15 in 0.54 s[0m
2017-11-07 13:08:54 [info] Spider running in 0d 0h 0m 33s
2017-11-07 13:08:56 [info] Find pages: 24 
2017-11-07 13:08:56 [info] Waiting for collect pages: 9 
2017-11-07 13:08:56 [info] Collected pages: 15 
[36m2017-11-07 13:08:57 [debug] Success download page http://sou.zhaopin.com/jobs/searchresult.ashx?jl=%E5%8C%97%E4%BA%AC&kw=php&sm=0&p=16 in 0.228 s[0m
[36m2017-11-07 13:08:57 [debug] Success process page http://sou.zhaopin.com/jobs/searchresult.ashx?jl=%E5%8C%97%E4%BA%AC&kw=php&sm=0&p=16 in 0.314 s[0m
2017-11-07 13:08:57 [info] Spider running in 0d 0h 0m 36s
2017-11-07 13:08:59 [info] Find pages: 24 
2017-11-07 13:08:59 [info] Waiting for collect pages: 8 
2017-11-07 13:08:59 [info] Collected pages: 16 
[36m2017-11-07 13:08:59 [debug] Success download page http://sou.zhaopin.com/jobs/searchresult.ashx?jl=%E5%8C%97%E4%BA%AC&kw=php&sm=0&p=17 in 0.296 s[0m
[36m2017-11-07 13:08:59 [debug] Success process page http://sou.zhaopin.com/jobs/searchresult.ashx?jl=%E5%8C%97%E4%BA%AC&kw=php&sm=0&p=17 in 0.384 s[0m
2017-11-07 13:08:59 [info] Spider running in 0d 0h 0m 38s
2017-11-07 13:09:01 [info] Find pages: 24 
2017-11-07 13:09:01 [info] Waiting for collect pages: 7 
2017-11-07 13:09:01 [info] Collected pages: 17 
[36m2017-11-07 13:09:01 [debug] Success download page http://sou.zhaopin.com/jobs/searchresult.ashx?jl=%E5%8C%97%E4%BA%AC&kw=php&sm=0&p=18 in 0.273 s[0m
[36m2017-11-07 13:09:01 [debug] Success process page http://sou.zhaopin.com/jobs/searchresult.ashx?jl=%E5%8C%97%E4%BA%AC&kw=php&sm=0&p=18 in 0.364 s[0m
2017-11-07 13:09:01 [info] Spider running in 0d 0h 0m 40s
2017-11-07 13:09:03 [info] Find pages: 24 
2017-11-07 13:09:03 [info] Waiting for collect pages: 6 
2017-11-07 13:09:03 [info] Collected pages: 18 
[36m2017-11-07 13:09:04 [debug] Success download page http://sou.zhaopin.com/jobs/searchresult.ashx?jl=%E5%8C%97%E4%BA%AC&kw=php&sm=0&p=19 in 0.288 s[0m
[36m2017-11-07 13:09:04 [debug] Success process page http://sou.zhaopin.com/jobs/searchresult.ashx?jl=%E5%8C%97%E4%BA%AC&kw=php&sm=0&p=19 in 0.374 s[0m
2017-11-07 13:09:04 [info] Spider running in 0d 0h 0m 43s
2017-11-07 13:09:06 [info] Find pages: 24 
2017-11-07 13:09:06 [info] Waiting for collect pages: 5 
2017-11-07 13:09:06 [info] Collected pages: 19 
[36m2017-11-07 13:09:06 [debug] Success download page http://sou.zhaopin.com/jobs/searchresult.ashx?jl=%E5%8C%97%E4%BA%AC&kw=php&sm=0&p=20 in 0.183 s[0m
[36m2017-11-07 13:09:06 [debug] Success process page http://sou.zhaopin.com/jobs/searchresult.ashx?jl=%E5%8C%97%E4%BA%AC&kw=php&sm=0&p=20 in 0.263 s[0m
2017-11-07 13:09:06 [info] Spider running in 0d 0h 0m 45s
2017-11-07 13:09:08 [info] Find pages: 24 
2017-11-07 13:09:08 [info] Waiting for collect pages: 4 
2017-11-07 13:09:08 [info] Collected pages: 20 
[36m2017-11-07 13:09:08 [debug] Success download page http://sou.zhaopin.com/jobs/searchresult.ashx?jl=%E5%8C%97%E4%BA%AC&kw=php&sm=0&p=21 in 0.232 s[0m
[36m2017-11-07 13:09:09 [debug] Success process page http://sou.zhaopin.com/jobs/searchresult.ashx?jl=%E5%8C%97%E4%BA%AC&kw=php&sm=0&p=21 in 0.436 s[0m
2017-11-07 13:09:09 [info] Spider running in 0d 0h 0m 48s
2017-11-07 13:09:11 [info] Find pages: 24 
2017-11-07 13:09:11 [info] Waiting for collect pages: 3 
2017-11-07 13:09:11 [info] Collected pages: 21 
[36m2017-11-07 13:09:11 [debug] Success download page http://sou.zhaopin.com/jobs/searchresult.ashx?jl=%E5%8C%97%E4%BA%AC&kw=php&sm=0&p=22 in 0.206 s[0m
[36m2017-11-07 13:09:11 [debug] Success process page http://sou.zhaopin.com/jobs/searchresult.ashx?jl=%E5%8C%97%E4%BA%AC&kw=php&sm=0&p=22 in 0.311 s[0m
2017-11-07 13:09:11 [info] Spider running in 0d 0h 0m 50s
2017-11-07 13:09:13 [info] Find pages: 24 
2017-11-07 13:09:13 [info] Waiting for collect pages: 2 
2017-11-07 13:09:13 [info] Collected pages: 22 
[36m2017-11-07 13:09:13 [debug] Success download page http://sou.zhaopin.com/jobs/searchresult.ashx?jl=%E5%8C%97%E4%BA%AC&kw=php&sm=0&p=23 in 0.189 s[0m
[36m2017-11-07 13:09:13 [debug] Success process page http://sou.zhaopin.com/jobs/searchresult.ashx?jl=%E5%8C%97%E4%BA%AC&kw=php&sm=0&p=23 in 0.304 s[0m
2017-11-07 13:09:13 [info] Spider running in 0d 0h 0m 52s
2017-11-07 13:09:15 [info] Find pages: 24 
2017-11-07 13:09:15 [info] Waiting for collect pages: 1 
2017-11-07 13:09:15 [info] Collected pages: 23 
[36m2017-11-07 13:09:15 [debug] Success download page http://sou.zhaopin.com/jobs/searchresult.ashx?jl=%E5%8C%97%E4%BA%AC&kw=php&sm=0&p=24 in 0.22 s[0m
[36m2017-11-07 13:09:16 [debug] Success process page http://sou.zhaopin.com/jobs/searchresult.ashx?jl=%E5%8C%97%E4%BA%AC&kw=php&sm=0&p=24 in 0.306 s[0m
2017-11-07 13:09:16 [info] Spider running in 0d 0h 0m 55s
[36m2017-11-07 13:11:33 [debug] Find scan page: http://sou.zhaopin.com/jobs/searchresult.ashx?jl=%E5%8C%97%E4%BA%AC&kw=php&sm=0&p=1[0m
2017-11-07 13:11:33 [info] Find pages: 1 
2017-11-07 13:11:33 [info] Waiting for collect pages: 1 
2017-11-07 13:11:33 [info] Collected pages: 0 
[36m2017-11-07 13:11:33 [debug] Success download page http://sou.zhaopin.com/jobs/searchresult.ashx?jl=%E5%8C%97%E4%BA%AC&kw=php&sm=0&p=1 in 0.259 s[0m
[36m2017-11-07 13:11:33 [debug] Success process page http://sou.zhaopin.com/jobs/searchresult.ashx?jl=%E5%8C%97%E4%BA%AC&kw=php&sm=0&p=1 in 0.342 s[0m
2017-11-07 13:11:33 [info] Spider running in 0d 0h 0m 0s
[36m2017-11-07 13:11:51 [debug] Find scan page: http://sou.zhaopin.com/jobs/searchresult.ashx?jl=%E5%8C%97%E4%BA%AC&kw=php&sm=0&p=1[0m
2017-11-07 13:11:51 [info] Find pages: 1 
2017-11-07 13:11:51 [info] Waiting for collect pages: 1 
2017-11-07 13:11:51 [info] Collected pages: 0 
[36m2017-11-07 13:11:51 [debug] Success download page http://sou.zhaopin.com/jobs/searchresult.ashx?jl=%E5%8C%97%E4%BA%AC&kw=php&sm=0&p=1 in 0.229 s[0m
[36m2017-11-07 13:11:51 [debug] Success process page http://sou.zhaopin.com/jobs/searchresult.ashx?jl=%E5%8C%97%E4%BA%AC&kw=php&sm=0&p=1 in 0.314 s[0m
2017-11-07 13:11:51 [info] Spider running in 0d 0h 0m 0s
[36m2017-11-07 13:18:54 [debug] Find scan page: http://sou.zhaopin.com/jobs/searchresult.ashx?jl=%E5%8C%97%E4%BA%AC&kw=php&sm=0&p=1[0m
2017-11-07 13:18:54 [info] Find pages: 1 
2017-11-07 13:18:54 [info] Waiting for collect pages: 1 
2017-11-07 13:18:54 [info] Collected pages: 0 
[36m2017-11-07 13:18:54 [debug] Success download page http://sou.zhaopin.com/jobs/searchresult.ashx?jl=%E5%8C%97%E4%BA%AC&kw=php&sm=0&p=1 in 0.255 s[0m
[36m2017-11-07 13:18:54 [debug] Success process page http://sou.zhaopin.com/jobs/searchresult.ashx?jl=%E5%8C%97%E4%BA%AC&kw=php&sm=0&p=1 in 0.336 s[0m
2017-11-07 13:18:54 [info] Spider running in 0d 0h 0m 0s
[36m2017-11-07 13:48:37 [debug] Find scan page: http://sou.zhaopin.com/jobs/searchresult.ashx?jl=北京&kw=php&sm=0&p=1[0m
[36m2017-11-07 13:48:37 [debug] Find scan page: http://sou.zhaopin.com/jobs/searchresult.ashx?jl=北京&kw=php&sm=0&p=2[0m
[36m2017-11-07 13:48:37 [debug] Find scan page: http://sou.zhaopin.com/jobs/searchresult.ashx?jl=北京&kw=php&sm=0&p=3[0m
[36m2017-11-07 13:48:37 [debug] Find scan page: http://sou.zhaopin.com/jobs/searchresult.ashx?jl=北京&kw=php&sm=0&p=4[0m
[36m2017-11-07 13:48:37 [debug] Find scan page: http://sou.zhaopin.com/jobs/searchresult.ashx?jl=北京&kw=php&sm=0&p=5[0m
[36m2017-11-07 13:48:37 [debug] Find scan page: http://sou.zhaopin.com/jobs/searchresult.ashx?jl=北京&kw=php&sm=0&p=6[0m
[36m2017-11-07 13:48:37 [debug] Find scan page: http://sou.zhaopin.com/jobs/searchresult.ashx?jl=北京&kw=php&sm=0&p=7[0m
[36m2017-11-07 13:48:37 [debug] Find scan page: http://sou.zhaopin.com/jobs/searchresult.ashx?jl=北京&kw=php&sm=0&p=8[0m
[36m2017-11-07 13:48:37 [debug] Find scan page: http://sou.zhaopin.com/jobs/searchresult.ashx?jl=北京&kw=php&sm=0&p=9[0m
[36m2017-11-07 13:48:37 [debug] Find scan page: http://sou.zhaopin.com/jobs/searchresult.ashx?jl=北京&kw=php&sm=0&p=10[0m
[36m2017-11-07 13:48:37 [debug] Find scan page: http://sou.zhaopin.com/jobs/searchresult.ashx?jl=北京&kw=php&sm=0&p=11[0m
[36m2017-11-07 13:48:37 [debug] Find scan page: http://sou.zhaopin.com/jobs/searchresult.ashx?jl=北京&kw=php&sm=0&p=12[0m
[36m2017-11-07 13:48:37 [debug] Find scan page: http://sou.zhaopin.com/jobs/searchresult.ashx?jl=北京&kw=php&sm=0&p=13[0m
[36m2017-11-07 13:48:37 [debug] Find scan page: http://sou.zhaopin.com/jobs/searchresult.ashx?jl=北京&kw=php&sm=0&p=14[0m
[36m2017-11-07 13:48:37 [debug] Find scan page: http://sou.zhaopin.com/jobs/searchresult.ashx?jl=北京&kw=php&sm=0&p=15[0m
[36m2017-11-07 13:48:37 [debug] Find scan page: http://sou.zhaopin.com/jobs/searchresult.ashx?jl=北京&kw=php&sm=0&p=16[0m
[36m2017-11-07 13:48:37 [debug] Find scan page: http://sou.zhaopin.com/jobs/searchresult.ashx?jl=北京&kw=php&sm=0&p=17[0m
[36m2017-11-07 13:48:37 [debug] Find scan page: http://sou.zhaopin.com/jobs/searchresult.ashx?jl=北京&kw=php&sm=0&p=18[0m
[36m2017-11-07 13:48:37 [debug] Find scan page: http://sou.zhaopin.com/jobs/searchresult.ashx?jl=北京&kw=php&sm=0&p=19[0m
[36m2017-11-07 13:48:37 [debug] Find scan page: http://sou.zhaopin.com/jobs/searchresult.ashx?jl=北京&kw=php&sm=0&p=20[0m
[36m2017-11-07 13:48:37 [debug] Find scan page: http://sou.zhaopin.com/jobs/searchresult.ashx?jl=北京&kw=php&sm=0&p=21[0m
[36m2017-11-07 13:48:37 [debug] Find scan page: http://sou.zhaopin.com/jobs/searchresult.ashx?jl=北京&kw=php&sm=0&p=22[0m
[36m2017-11-07 13:48:37 [debug] Find scan page: http://sou.zhaopin.com/jobs/searchresult.ashx?jl=北京&kw=php&sm=0&p=23[0m
[36m2017-11-07 13:48:37 [debug] Find scan page: http://sou.zhaopin.com/jobs/searchresult.ashx?jl=北京&kw=php&sm=0&p=24[0m
[36m2017-11-07 13:48:37 [debug] Find scan page: http://sou.zhaopin.com/jobs/searchresult.ashx?jl=北京&kw=php&sm=0&p=25[0m
[36m2017-11-07 13:48:37 [debug] Find scan page: http://sou.zhaopin.com/jobs/searchresult.ashx?jl=北京&kw=php&sm=0&p=26[0m
2017-11-07 13:48:37 [info] Find pages: 26 
2017-11-07 13:48:37 [info] Waiting for collect pages: 26 
2017-11-07 13:48:37 [info] Collected pages: 0 
[36m2017-11-07 13:48:38 [debug] Success download page http://sou.zhaopin.com/jobs/searchresult.ashx?jl=北京&kw=php&sm=0&p=1 in 0.249 s[0m
[36m2017-11-07 13:48:38 [debug] Success process page http://sou.zhaopin.com/jobs/searchresult.ashx?jl=北京&kw=php&sm=0&p=1 in 0.334 s[0m
2017-11-07 13:48:38 [info] Spider running in 0d 0h 0m 1s
2017-11-07 13:48:40 [info] Find pages: 26 
2017-11-07 13:48:40 [info] Waiting for collect pages: 25 
2017-11-07 13:48:40 [info] Collected pages: 1 
[36m2017-11-07 13:48:40 [debug] Success download page http://sou.zhaopin.com/jobs/searchresult.ashx?jl=北京&kw=php&sm=0&p=2 in 0.208 s[0m
[36m2017-11-07 13:48:40 [debug] Success process page http://sou.zhaopin.com/jobs/searchresult.ashx?jl=北京&kw=php&sm=0&p=2 in 0.29 s[0m
2017-11-07 13:48:40 [info] Spider running in 0d 0h 0m 3s
2017-11-07 13:48:42 [info] Find pages: 26 
2017-11-07 13:48:42 [info] Waiting for collect pages: 24 
2017-11-07 13:48:42 [info] Collected pages: 2 
[36m2017-11-07 13:48:42 [debug] Success download page http://sou.zhaopin.com/jobs/searchresult.ashx?jl=北京&kw=php&sm=0&p=3 in 0.288 s[0m
[36m2017-11-07 13:48:42 [debug] Success process page http://sou.zhaopin.com/jobs/searchresult.ashx?jl=北京&kw=php&sm=0&p=3 in 0.37 s[0m
2017-11-07 13:48:42 [info] Spider running in 0d 0h 0m 5s
2017-11-07 13:48:44 [info] Find pages: 26 
2017-11-07 13:48:44 [info] Waiting for collect pages: 23 
2017-11-07 13:48:44 [info] Collected pages: 3 
[36m2017-11-07 13:48:45 [debug] Success download page http://sou.zhaopin.com/jobs/searchresult.ashx?jl=北京&kw=php&sm=0&p=4 in 0.202 s[0m
[36m2017-11-07 13:48:45 [debug] Success process page http://sou.zhaopin.com/jobs/searchresult.ashx?jl=北京&kw=php&sm=0&p=4 in 0.284 s[0m
2017-11-07 13:48:45 [info] Spider running in 0d 0h 0m 8s
2017-11-07 13:48:47 [info] Find pages: 26 
2017-11-07 13:48:47 [info] Waiting for collect pages: 22 
2017-11-07 13:48:47 [info] Collected pages: 4 
[36m2017-11-07 13:48:47 [debug] Success download page http://sou.zhaopin.com/jobs/searchresult.ashx?jl=北京&kw=php&sm=0&p=5 in 0.22 s[0m
[36m2017-11-07 13:48:47 [debug] Success process page http://sou.zhaopin.com/jobs/searchresult.ashx?jl=北京&kw=php&sm=0&p=5 in 0.3 s[0m
2017-11-07 13:48:47 [info] Spider running in 0d 0h 0m 10s
2017-11-07 13:48:49 [info] Find pages: 26 
2017-11-07 13:48:49 [info] Waiting for collect pages: 21 
2017-11-07 13:48:49 [info] Collected pages: 5 
[36m2017-11-07 13:48:49 [debug] Success download page http://sou.zhaopin.com/jobs/searchresult.ashx?jl=北京&kw=php&sm=0&p=6 in 0.194 s[0m
[36m2017-11-07 13:48:49 [debug] Success process page http://sou.zhaopin.com/jobs/searchresult.ashx?jl=北京&kw=php&sm=0&p=6 in 0.298 s[0m
2017-11-07 13:48:49 [info] Spider running in 0d 0h 0m 12s
2017-11-07 13:48:51 [info] Find pages: 26 
2017-11-07 13:48:51 [info] Waiting for collect pages: 20 
2017-11-07 13:48:51 [info] Collected pages: 6 
[36m2017-11-07 13:48:52 [debug] Success download page http://sou.zhaopin.com/jobs/searchresult.ashx?jl=北京&kw=php&sm=0&p=7 in 0.211 s[0m
[36m2017-11-07 13:48:52 [debug] Success process page http://sou.zhaopin.com/jobs/searchresult.ashx?jl=北京&kw=php&sm=0&p=7 in 0.331 s[0m
2017-11-07 13:48:52 [info] Spider running in 0d 0h 0m 15s
2017-11-07 13:48:54 [info] Find pages: 26 
2017-11-07 13:48:54 [info] Waiting for collect pages: 19 
2017-11-07 13:48:54 [info] Collected pages: 7 
[36m2017-11-07 13:48:54 [debug] Success download page http://sou.zhaopin.com/jobs/searchresult.ashx?jl=北京&kw=php&sm=0&p=8 in 0.189 s[0m
[36m2017-11-07 13:48:54 [debug] Success process page http://sou.zhaopin.com/jobs/searchresult.ashx?jl=北京&kw=php&sm=0&p=8 in 0.272 s[0m
2017-11-07 13:48:54 [info] Spider running in 0d 0h 0m 17s
2017-11-07 13:48:56 [info] Find pages: 26 
2017-11-07 13:48:56 [info] Waiting for collect pages: 18 
2017-11-07 13:48:56 [info] Collected pages: 8 
[36m2017-11-07 13:48:57 [debug] Success download page http://sou.zhaopin.com/jobs/searchresult.ashx?jl=北京&kw=php&sm=0&p=9 in 1.111 s[0m
[36m2017-11-07 13:48:57 [debug] Success process page http://sou.zhaopin.com/jobs/searchresult.ashx?jl=北京&kw=php&sm=0&p=9 in 1.195 s[0m
2017-11-07 13:48:57 [info] Spider running in 0d 0h 0m 20s
2017-11-07 13:48:59 [info] Find pages: 26 
2017-11-07 13:48:59 [info] Waiting for collect pages: 17 
2017-11-07 13:48:59 [info] Collected pages: 9 
[36m2017-11-07 13:48:59 [debug] Success download page http://sou.zhaopin.com/jobs/searchresult.ashx?jl=北京&kw=php&sm=0&p=10 in 0.209 s[0m
[36m2017-11-07 13:49:00 [debug] Success process page http://sou.zhaopin.com/jobs/searchresult.ashx?jl=北京&kw=php&sm=0&p=10 in 0.45 s[0m
2017-11-07 13:49:00 [info] Spider running in 0d 0h 0m 23s
2017-11-07 13:49:02 [info] Find pages: 26 
2017-11-07 13:49:02 [info] Waiting for collect pages: 16 
2017-11-07 13:49:02 [info] Collected pages: 10 
[36m2017-11-07 13:49:03 [debug] Success download page http://sou.zhaopin.com/jobs/searchresult.ashx?jl=北京&kw=php&sm=0&p=11 in 1.019 s[0m
[36m2017-11-07 13:49:03 [debug] Success process page http://sou.zhaopin.com/jobs/searchresult.ashx?jl=北京&kw=php&sm=0&p=11 in 1.107 s[0m
2017-11-07 13:49:03 [info] Spider running in 0d 0h 0m 26s
2017-11-07 13:49:05 [info] Find pages: 26 
2017-11-07 13:49:05 [info] Waiting for collect pages: 15 
2017-11-07 13:49:05 [info] Collected pages: 11 
[36m2017-11-07 13:49:05 [debug] Success download page http://sou.zhaopin.com/jobs/searchresult.ashx?jl=北京&kw=php&sm=0&p=12 in 0.645 s[0m
[36m2017-11-07 13:49:06 [debug] Success process page http://sou.zhaopin.com/jobs/searchresult.ashx?jl=北京&kw=php&sm=0&p=12 in 0.732 s[0m
2017-11-07 13:49:06 [info] Spider running in 0d 0h 0m 29s
2017-11-07 13:49:08 [info] Find pages: 26 
2017-11-07 13:49:08 [info] Waiting for collect pages: 14 
2017-11-07 13:49:08 [info] Collected pages: 12 
[36m2017-11-07 13:49:09 [debug] Success download page http://sou.zhaopin.com/jobs/searchresult.ashx?jl=北京&kw=php&sm=0&p=13 in 1.883 s[0m
[36m2017-11-07 13:49:10 [debug] Success process page http://sou.zhaopin.com/jobs/searchresult.ashx?jl=北京&kw=php&sm=0&p=13 in 1.963 s[0m
2017-11-07 13:49:10 [info] Spider running in 0d 0h 0m 33s
2017-11-07 13:49:12 [info] Find pages: 26 
2017-11-07 13:49:12 [info] Waiting for collect pages: 13 
2017-11-07 13:49:12 [info] Collected pages: 13 
[36m2017-11-07 13:49:12 [debug] Success download page http://sou.zhaopin.com/jobs/searchresult.ashx?jl=北京&kw=php&sm=0&p=14 in 0.214 s[0m
[36m2017-11-07 13:49:12 [debug] Success process page http://sou.zhaopin.com/jobs/searchresult.ashx?jl=北京&kw=php&sm=0&p=14 in 0.298 s[0m
2017-11-07 13:49:12 [info] Spider running in 0d 0h 0m 35s
2017-11-07 13:49:14 [info] Find pages: 26 
2017-11-07 13:49:14 [info] Waiting for collect pages: 12 
2017-11-07 13:49:14 [info] Collected pages: 14 
[36m2017-11-07 13:49:14 [debug] Success download page http://sou.zhaopin.com/jobs/searchresult.ashx?jl=北京&kw=php&sm=0&p=15 in 0.199 s[0m
[36m2017-11-07 13:49:14 [debug] Success process page http://sou.zhaopin.com/jobs/searchresult.ashx?jl=北京&kw=php&sm=0&p=15 in 0.309 s[0m
2017-11-07 13:49:14 [info] Spider running in 0d 0h 0m 37s
2017-11-07 13:49:16 [info] Find pages: 26 
2017-11-07 13:49:16 [info] Waiting for collect pages: 11 
2017-11-07 13:49:16 [info] Collected pages: 15 
[36m2017-11-07 13:49:16 [debug] Success download page http://sou.zhaopin.com/jobs/searchresult.ashx?jl=北京&kw=php&sm=0&p=16 in 0.201 s[0m
[36m2017-11-07 13:49:16 [debug] Success process page http://sou.zhaopin.com/jobs/searchresult.ashx?jl=北京&kw=php&sm=0&p=16 in 0.284 s[0m
2017-11-07 13:49:16 [info] Spider running in 0d 0h 0m 39s
2017-11-07 13:49:18 [info] Find pages: 26 
2017-11-07 13:49:18 [info] Waiting for collect pages: 10 
2017-11-07 13:49:18 [info] Collected pages: 16 
[36m2017-11-07 13:49:19 [debug] Success download page http://sou.zhaopin.com/jobs/searchresult.ashx?jl=北京&kw=php&sm=0&p=17 in 0.204 s[0m
[36m2017-11-07 13:49:19 [debug] Success process page http://sou.zhaopin.com/jobs/searchresult.ashx?jl=北京&kw=php&sm=0&p=17 in 0.291 s[0m
2017-11-07 13:49:19 [info] Spider running in 0d 0h 0m 42s
2017-11-07 13:49:21 [info] Find pages: 26 
2017-11-07 13:49:21 [info] Waiting for collect pages: 9 
2017-11-07 13:49:21 [info] Collected pages: 17 
[36m2017-11-07 13:49:21 [debug] Success download page http://sou.zhaopin.com/jobs/searchresult.ashx?jl=北京&kw=php&sm=0&p=18 in 0.231 s[0m
[36m2017-11-07 13:49:21 [debug] Success process page http://sou.zhaopin.com/jobs/searchresult.ashx?jl=北京&kw=php&sm=0&p=18 in 0.324 s[0m
2017-11-07 13:49:21 [info] Spider running in 0d 0h 0m 44s
2017-11-07 13:49:23 [info] Find pages: 26 
2017-11-07 13:49:23 [info] Waiting for collect pages: 8 
2017-11-07 13:49:23 [info] Collected pages: 18 
[36m2017-11-07 13:49:23 [debug] Success download page http://sou.zhaopin.com/jobs/searchresult.ashx?jl=北京&kw=php&sm=0&p=19 in 0.225 s[0m
[36m2017-11-07 13:49:23 [debug] Success process page http://sou.zhaopin.com/jobs/searchresult.ashx?jl=北京&kw=php&sm=0&p=19 in 0.312 s[0m
2017-11-07 13:49:23 [info] Spider running in 0d 0h 0m 46s
2017-11-07 13:49:25 [info] Find pages: 26 
2017-11-07 13:49:25 [info] Waiting for collect pages: 7 
2017-11-07 13:49:25 [info] Collected pages: 19 
[36m2017-11-07 13:49:26 [debug] Success download page http://sou.zhaopin.com/jobs/searchresult.ashx?jl=北京&kw=php&sm=0&p=20 in 0.29 s[0m
[36m2017-11-07 13:49:26 [debug] Success process page http://sou.zhaopin.com/jobs/searchresult.ashx?jl=北京&kw=php&sm=0&p=20 in 0.402 s[0m
2017-11-07 13:49:26 [info] Spider running in 0d 0h 0m 49s
2017-11-07 13:49:28 [info] Find pages: 26 
2017-11-07 13:49:28 [info] Waiting for collect pages: 6 
2017-11-07 13:49:28 [info] Collected pages: 20 
[36m2017-11-07 13:49:28 [debug] Success download page http://sou.zhaopin.com/jobs/searchresult.ashx?jl=北京&kw=php&sm=0&p=21 in 0.217 s[0m
[36m2017-11-07 13:49:28 [debug] Success process page http://sou.zhaopin.com/jobs/searchresult.ashx?jl=北京&kw=php&sm=0&p=21 in 0.309 s[0m
2017-11-07 13:49:28 [info] Spider running in 0d 0h 0m 51s
2017-11-07 13:49:30 [info] Find pages: 26 
2017-11-07 13:49:30 [info] Waiting for collect pages: 5 
2017-11-07 13:49:30 [info] Collected pages: 21 
[36m2017-11-07 13:49:30 [debug] Success download page http://sou.zhaopin.com/jobs/searchresult.ashx?jl=北京&kw=php&sm=0&p=22 in 0.195 s[0m
[36m2017-11-07 13:49:30 [debug] Success process page http://sou.zhaopin.com/jobs/searchresult.ashx?jl=北京&kw=php&sm=0&p=22 in 0.275 s[0m
2017-11-07 13:49:30 [info] Spider running in 0d 0h 0m 53s
2017-11-07 13:49:32 [info] Find pages: 26 
2017-11-07 13:49:32 [info] Waiting for collect pages: 4 
2017-11-07 13:49:32 [info] Collected pages: 22 
[36m2017-11-07 13:49:33 [debug] Success download page http://sou.zhaopin.com/jobs/searchresult.ashx?jl=北京&kw=php&sm=0&p=23 in 0.291 s[0m
[36m2017-11-07 13:49:33 [debug] Success process page http://sou.zhaopin.com/jobs/searchresult.ashx?jl=北京&kw=php&sm=0&p=23 in 0.38 s[0m
2017-11-07 13:49:33 [info] Spider running in 0d 0h 0m 56s
2017-11-07 13:49:35 [info] Find pages: 26 
2017-11-07 13:49:35 [info] Waiting for collect pages: 3 
2017-11-07 13:49:35 [info] Collected pages: 23 
[36m2017-11-07 13:49:35 [debug] Success download page http://sou.zhaopin.com/jobs/searchresult.ashx?jl=北京&kw=php&sm=0&p=24 in 0.285 s[0m
[36m2017-11-07 13:49:35 [debug] Success process page http://sou.zhaopin.com/jobs/searchresult.ashx?jl=北京&kw=php&sm=0&p=24 in 0.366 s[0m
2017-11-07 13:49:35 [info] Spider running in 0d 0h 0m 58s
2017-11-07 13:49:37 [info] Find pages: 26 
2017-11-07 13:49:37 [info] Waiting for collect pages: 2 
2017-11-07 13:49:37 [info] Collected pages: 24 
[36m2017-11-07 13:49:37 [debug] Success download page http://sou.zhaopin.com/jobs/searchresult.ashx?jl=北京&kw=php&sm=0&p=25 in 0.192 s[0m
[36m2017-11-07 13:49:38 [debug] Success process page http://sou.zhaopin.com/jobs/searchresult.ashx?jl=北京&kw=php&sm=0&p=25 in 0.46 s[0m
2017-11-07 13:49:38 [info] Spider running in 0d 0h 1m 1s
2017-11-07 13:49:40 [info] Find pages: 26 
2017-11-07 13:49:40 [info] Waiting for collect pages: 1 
2017-11-07 13:49:40 [info] Collected pages: 25 
[36m2017-11-07 13:49:40 [debug] Success download page http://sou.zhaopin.com/jobs/searchresult.ashx?jl=北京&kw=php&sm=0&p=26 in 0.191 s[0m
[36m2017-11-07 13:49:40 [debug] Success process page http://sou.zhaopin.com/jobs/searchresult.ashx?jl=北京&kw=php&sm=0&p=26 in 0.272 s[0m
2017-11-07 13:49:40 [info] Spider running in 0d 0h 1m 3s
[36m2017-11-07 13:54:52 [debug] Find scan page: http://sou.zhaopin.com/jobs/searchresult.ashx?jl=北京&kw=php&sm=0&p=1[0m
[36m2017-11-07 13:54:52 [debug] Find scan page: http://sou.zhaopin.com/jobs/searchresult.ashx?jl=北京&kw=php&sm=0&p=2[0m
2017-11-07 13:54:52 [info] Find pages: 2 
2017-11-07 13:54:52 [info] Waiting for collect pages: 2 
2017-11-07 13:54:52 [info] Collected pages: 0 
[36m2017-11-07 13:54:52 [debug] Success download page http://sou.zhaopin.com/jobs/searchresult.ashx?jl=北京&kw=php&sm=0&p=1 in 0.245 s[0m
[36m2017-11-07 13:54:52 [debug] Success process page http://sou.zhaopin.com/jobs/searchresult.ashx?jl=北京&kw=php&sm=0&p=1 in 0.331 s[0m
2017-11-07 13:54:52 [info] Spider running in 0d 0h 0m 0s
2017-11-07 13:54:54 [info] Find pages: 2 
2017-11-07 13:54:54 [info] Waiting for collect pages: 1 
2017-11-07 13:54:54 [info] Collected pages: 1 
[36m2017-11-07 13:54:55 [debug] Success download page http://sou.zhaopin.com/jobs/searchresult.ashx?jl=北京&kw=php&sm=0&p=2 in 0.262 s[0m
[36m2017-11-07 13:54:55 [debug] Success process page http://sou.zhaopin.com/jobs/searchresult.ashx?jl=北京&kw=php&sm=0&p=2 in 0.347 s[0m
2017-11-07 13:54:55 [info] Spider running in 0d 0h 0m 3s
[36m2017-11-07 13:55:24 [debug] Find scan page: http://sou.zhaopin.com/jobs/searchresult.ashx?jl=北京&kw=php&sm=0&p=1[0m
[36m2017-11-07 13:55:24 [debug] Find scan page: http://sou.zhaopin.com/jobs/searchresult.ashx?jl=北京&kw=php&sm=0&p=2[0m
2017-11-07 13:55:24 [info] Find pages: 2 
2017-11-07 13:55:24 [info] Waiting for collect pages: 2 
2017-11-07 13:55:24 [info] Collected pages: 0 
[36m2017-11-07 13:55:24 [debug] Success download page http://sou.zhaopin.com/jobs/searchresult.ashx?jl=北京&kw=php&sm=0&p=1 in 0.251 s[0m
[36m2017-11-07 13:55:24 [debug] Success process page http://sou.zhaopin.com/jobs/searchresult.ashx?jl=北京&kw=php&sm=0&p=1 in 0.333 s[0m
2017-11-07 13:55:24 [info] Spider running in 0d 0h 0m 0s
2017-11-07 13:55:26 [info] Find pages: 2 
2017-11-07 13:55:26 [info] Waiting for collect pages: 1 
2017-11-07 13:55:26 [info] Collected pages: 1 
[36m2017-11-07 13:55:27 [debug] Success download page http://sou.zhaopin.com/jobs/searchresult.ashx?jl=北京&kw=php&sm=0&p=2 in 0.264 s[0m
[36m2017-11-07 13:55:27 [debug] Success process page http://sou.zhaopin.com/jobs/searchresult.ashx?jl=北京&kw=php&sm=0&p=2 in 0.345 s[0m
2017-11-07 13:55:27 [info] Spider running in 0d 0h 0m 3s
